<?xml version="1.0" encoding="UTF-8"?>
<!-- Generated by org.testng.reporters.JUnitReportReporter -->
<testsuite hostname="DESKTOP-0HLK68D" failures="0" tests="1" name="testngpractise.Testngallpractice" time="12.300" errors="0" timestamp="06 Oct 2021 16:03:33 GMT" skipped="0">
  <testcase classname="testngpractise.Testngallpractice" name="assignment" time="12.300"/>
</testsuite> <!-- testngpractise.Testngallpractice -->
